<!DOCTYPE html PUBLIC "-//W3C//DTD XHTML 1.1//EN" "http://www.w3.org/TR/xhtml11/DTD/xhtml11.dtd">
<html xmlns="http://www.w3.org/1999/xhtml"><head><title>TestNG Report</title><style type="text/css">table {margin-bottom:10px;border-collapse:collapse;empty-cells:show}th,td {border:1px solid #009;padding:.25em .5em}th {vertical-align:bottom}td {vertical-align:top}table a {font-weight:bold}.stripe td {background-color: #E6EBF9}.num {text-align:right}.passedodd td {background-color: #3F3}.passedeven td {background-color: #0A0}.skippedodd td {background-color: #DDD}.skippedeven td {background-color: #CCC}.failedodd td,.attn {background-color: #F33}.failedeven td,.stripe .attn {background-color: #D00}.stacktrace {white-space:pre;font-family:monospace}.totop {font-size:85%;text-align:center;border-bottom:2px solid #000}</style></head><body><table><tr><th>Test</th><th># Passed</th><th># Skipped</th><th># Failed</th><th>Time (ms)</th><th>Included Groups</th><th>Excluded Groups</th></tr><tr><th colspan="7">main.LoginTest</th></tr><tr><td><a href="#t0">Command line test 26207c4f-7758-45c2-a14b-67c05b0c2004</a></td><td class="num">0</td><td class="num">0</td><td class="num attn">1</td><td class="num">19,232</td><td></td><td></td></tr><tr><th colspan="7">main.SearchTest</th></tr><tr class="stripe"><td><a href="#t1">Command line test 7ad8afa6-3c5a-483b-beb5-f42bcd039711</a></td><td class="num">0</td><td class="num">0</td><td class="num attn">1</td><td class="num">9,142</td><td></td><td></td></tr><tr><th colspan="7">main.YahooTest</th></tr><tr><td><a href="#t2">Command line test 666d846f-f226-4fa9-b455-1ceb7972b6e5</a></td><td class="num">0</td><td class="num">0</td><td class="num attn">1</td><td class="num">20,578</td><td></td><td></td></tr><tr><th colspan="7">main.AbstractTest</th></tr><tr class="stripe"><td><a href="#t3">Command line test c0477c23-a89b-4266-b67a-f69cb5e2f5ab</a></td><td class="num">0</td><td class="num">0</td><td class="num">0</td><td class="num">7</td><td></td><td></td></tr><tr><th colspan="7">main.IceLoginTest</th></tr><tr><td><a href="#t4">Command line test ac33a8b2-b656-4dc2-b8fd-98b8d4e99c6d</a></td><td class="num">2</td><td class="num">0</td><td class="num">0</td><td class="num">9,624</td><td></td><td></td></tr><tr><th>Total</th><th class="num">2</th><th class="num">0</th><th class="num attn">3</th><th class="num">58,583</th><th colspan="2"></th></tr></table><table><thead><tr><th>Class</th><th>Method</th><th>Start</th><th>Time (ms)</th></tr></thead><tbody><tr><th colspan="4">main.LoginTest</th></tr></tbody><tbody id="t0"><tr><th colspan="4">Command line test 26207c4f-7758-45c2-a14b-67c05b0c2004 &#8212; failed</th></tr><tr class="failedeven"><td rowspan="1">main.LoginTest</td><td><a href="#m0">loginYahoo</a></td><td rowspan="1">1418393738156</td><td rowspan="1">17078</td></tr></tbody><tbody><tr><th colspan="4">main.SearchTest</th></tr></tbody><tbody id="t1"><tr><th colspan="4">Command line test 7ad8afa6-3c5a-483b-beb5-f42bcd039711 &#8212; failed</th></tr><tr class="failedeven"><td rowspan="1">main.SearchTest</td><td><a href="#m1">searchGoogle</a></td><td rowspan="1">1418393761472</td><td rowspan="1">3007</td></tr></tbody><tbody><tr><th colspan="4">main.YahooTest</th></tr></tbody><tbody id="t2"><tr><th colspan="4">Command line test 666d846f-f226-4fa9-b455-1ceb7972b6e5 &#8212; failed</th></tr><tr class="failedeven"><td rowspan="1">main.YahooTest</td><td><a href="#m2">searchYahoo</a></td><td rowspan="1">1418393766102</td><td rowspan="1">18966</td></tr></tbody><tbody><tr><th colspan="4">main.AbstractTest</th></tr></tbody><tbody id="t3"></tbody><tbody><tr><th colspan="4">main.IceLoginTest</th></tr></tbody><tbody id="t4"><tr><th colspan="4">Command line test ac33a8b2-b656-4dc2-b8fd-98b8d4e99c6d &#8212; passed</th></tr><tr class="passedeven"><td rowspan="2">main.IceLoginTest</td><td><a href="#m3">loginFromHeader</a></td><td rowspan="1">1418393730240</td><td rowspan="1">5760</td></tr><tr class="passedeven"><td><a href="#m4">loginFromPopup</a></td><td rowspan="1">1418393736002</td><td rowspan="1">0</td></tr></tbody></table><h2>Command line test 26207c4f-7758-45c2-a14b-67c05b0c2004</h2><h3 id="m0">main.LoginTest#loginYahoo</h3><table class="result"><tr><th>Exception</th></tr><tr><td><div class="stacktrace">org.openqa.selenium.TimeoutException: Timed out after 10 seconds waiting for presence of element located by: By.xpath: //input[@id=&apos;username&apos;]
Build info: version: &apos;2.42.2&apos;, revision: &apos;6a6995d31c7c56c340d6f45a76976d43506cd6cc&apos;, time: &apos;2014-06-03 10:52:47&apos;
System info: host: &apos;PTUA-LS0219&apos;, ip: &apos;172.29.62.30&apos;, os.name: &apos;Windows 8.1&apos;, os.arch: &apos;amd64&apos;, os.version: &apos;6.3&apos;, java.version: &apos;1.8.0_25&apos;
Driver info: driver.version: unknown
	at org.openqa.selenium.support.ui.FluentWait.timeoutException(FluentWait.java:259)
	at org.openqa.selenium.support.ui.FluentWait.until(FluentWait.java:228)
	at main.LoginTest.loginYahoo(LoginTest.java:40)
	at org.springframework.test.context.testng.AbstractTestNGSpringContextTests.run(AbstractTestNGSpringContextTests.java:155)
Caused by: org.openqa.selenium.NoSuchElementException: no such element
  (Session info: chrome=39.0.2171.71)
  (Driver info: chromedriver=2.12.301325 (962dea43ddd90e7e4224a03fa3c36a421281abb7),platform=Windows NT 6.3 x86_64) (WARNING: The server did not provide any stacktrace information)
Command duration or timeout: 19 milliseconds
For documentation on this error, please visit: http://seleniumhq.org/exceptions/no_such_element.html
Build info: version: &apos;2.42.2&apos;, revision: &apos;6a6995d31c7c56c340d6f45a76976d43506cd6cc&apos;, time: &apos;2014-06-03 10:52:47&apos;
System info: host: &apos;PTUA-LS0219&apos;, ip: &apos;172.29.62.30&apos;, os.name: &apos;Windows 8.1&apos;, os.arch: &apos;amd64&apos;, os.version: &apos;6.3&apos;, java.version: &apos;1.8.0_25&apos;
Driver info: org.openqa.selenium.chrome.ChromeDriver
Capabilities [{applicationCacheEnabled=false, rotatable=false, mobileEmulationEnabled=false, chrome={userDataDir=C:\Users\yuliale\AppData\Local\Temp\scoped_dir3140_32634}, takesHeapSnapshot=true, databaseEnabled=false, handlesAlerts=true, version=39.0.2171.71, platform=WIN8_1, browserConnectionEnabled=false, nativeEvents=true, acceptSslCerts=true, locationContextEnabled=true, webStorageEnabled=true, browserName=chrome, takesScreenshot=true, javascriptEnabled=true, cssSelectorsEnabled=true}]
Session ID: 1380d65b5f57eafcd12be09212d6ea98
	at org.openqa.selenium.remote.ErrorHandler.createThrowable(ErrorHandler.java:204)
	at org.openqa.selenium.remote.ErrorHandler.throwIfResponseFailed(ErrorHandler.java:156)
	at org.openqa.selenium.remote.RemoteWebDriver.execute(RemoteWebDriver.java:599)
	at org.openqa.selenium.remote.RemoteWebDriver.findElement(RemoteWebDriver.java:352)
	at org.openqa.selenium.remote.RemoteWebDriver.findElementByXPath(RemoteWebDriver.java:449)
	at org.openqa.selenium.By$ByXPath.findElement(By.java:357)
	at org.openqa.selenium.remote.RemoteWebDriver.findElement(RemoteWebDriver.java:344)
	at org.openqa.selenium.support.ui.ExpectedConditions.findElement(ExpectedConditions.java:730)
	at org.openqa.selenium.support.ui.ExpectedConditions.access$000(ExpectedConditions.java:39)
	at org.openqa.selenium.support.ui.ExpectedConditions$3.apply(ExpectedConditions.java:106)
	at org.openqa.selenium.support.ui.ExpectedConditions$3.apply(ExpectedConditions.java:103)
	at org.openqa.selenium.support.ui.FluentWait.until(FluentWait.java:208)
	... 36 more
... Removed 37 stack frames</div></td></tr></table><p class="totop"><a href="#summary">back to summary</a></p><h2>Command line test 7ad8afa6-3c5a-483b-beb5-f42bcd039711</h2><h3 id="m1">main.SearchTest#searchGoogle</h3><table class="result"><tr><th>Exception</th></tr><tr><td><div class="stacktrace">java.lang.AssertionError: expected [true] but found [false]
	at main.SearchTest.searchGoogle(SearchTest.java:45)
	at org.springframework.test.context.testng.AbstractTestNGSpringContextTests.run(AbstractTestNGSpringContextTests.java:155)
... Removed 39 stack frames</div></td></tr></table><p class="totop"><a href="#summary">back to summary</a></p><h2>Command line test 666d846f-f226-4fa9-b455-1ceb7972b6e5</h2><h3 id="m2">main.YahooTest#searchYahoo</h3><table class="result"><tr><th>Exception</th></tr><tr><td><div class="stacktrace">org.openqa.selenium.TimeoutException: Timed out after 10 seconds waiting for presence of element located by: By.xpath: //*[@id=&apos;link-1&apos;]
Build info: version: &apos;2.42.2&apos;, revision: &apos;6a6995d31c7c56c340d6f45a76976d43506cd6cc&apos;, time: &apos;2014-06-03 10:52:47&apos;
System info: host: &apos;PTUA-LS0219&apos;, ip: &apos;172.29.62.30&apos;, os.name: &apos;Windows 8.1&apos;, os.arch: &apos;amd64&apos;, os.version: &apos;6.3&apos;, java.version: &apos;1.8.0_25&apos;
Driver info: driver.version: unknown
	at org.openqa.selenium.support.ui.FluentWait.timeoutException(FluentWait.java:259)
	at org.openqa.selenium.support.ui.FluentWait.until(FluentWait.java:228)
	at main.YahooTest.searchYahoo(YahooTest.java:44)
	at org.springframework.test.context.testng.AbstractTestNGSpringContextTests.run(AbstractTestNGSpringContextTests.java:155)
Caused by: org.openqa.selenium.NoSuchElementException: no such element
  (Session info: chrome=39.0.2171.71)
  (Driver info: chromedriver=2.12.301325 (962dea43ddd90e7e4224a03fa3c36a421281abb7),platform=Windows NT 6.3 x86_64) (WARNING: The server did not provide any stacktrace information)
Command duration or timeout: 35 milliseconds
For documentation on this error, please visit: http://seleniumhq.org/exceptions/no_such_element.html
Build info: version: &apos;2.42.2&apos;, revision: &apos;6a6995d31c7c56c340d6f45a76976d43506cd6cc&apos;, time: &apos;2014-06-03 10:52:47&apos;
System info: host: &apos;PTUA-LS0219&apos;, ip: &apos;172.29.62.30&apos;, os.name: &apos;Windows 8.1&apos;, os.arch: &apos;amd64&apos;, os.version: &apos;6.3&apos;, java.version: &apos;1.8.0_25&apos;
Driver info: org.openqa.selenium.chrome.ChromeDriver
Capabilities [{applicationCacheEnabled=false, rotatable=false, mobileEmulationEnabled=false, chrome={userDataDir=C:\Users\yuliale\AppData\Local\Temp\scoped_dir11848_16116}, takesHeapSnapshot=true, databaseEnabled=false, handlesAlerts=true, version=39.0.2171.71, platform=WIN8_1, browserConnectionEnabled=false, nativeEvents=true, acceptSslCerts=true, locationContextEnabled=true, webStorageEnabled=true, browserName=chrome, takesScreenshot=true, javascriptEnabled=true, cssSelectorsEnabled=true}]
Session ID: d4742d602aba8464ca593d021d9547d9
	at org.openqa.selenium.remote.ErrorHandler.createThrowable(ErrorHandler.java:204)
	at org.openqa.selenium.remote.ErrorHandler.throwIfResponseFailed(ErrorHandler.java:156)
	at org.openqa.selenium.remote.RemoteWebDriver.execute(RemoteWebDriver.java:599)
	at org.openqa.selenium.remote.RemoteWebDriver.findElement(RemoteWebDriver.java:352)
	at org.openqa.selenium.remote.RemoteWebDriver.findElementByXPath(RemoteWebDriver.java:449)
	at org.openqa.selenium.By$ByXPath.findElement(By.java:357)
	at org.openqa.selenium.remote.RemoteWebDriver.findElement(RemoteWebDriver.java:344)
	at org.openqa.selenium.support.ui.ExpectedConditions.findElement(ExpectedConditions.java:730)
	at org.openqa.selenium.support.ui.ExpectedConditions.access$000(ExpectedConditions.java:39)
	at org.openqa.selenium.support.ui.ExpectedConditions$3.apply(ExpectedConditions.java:106)
	at org.openqa.selenium.support.ui.ExpectedConditions$3.apply(ExpectedConditions.java:103)
	at org.openqa.selenium.support.ui.FluentWait.until(FluentWait.java:208)
	... 36 more
... Removed 37 stack frames</div></td></tr></table><p class="totop"><a href="#summary">back to summary</a></p><h2>Command line test c0477c23-a89b-4266-b67a-f69cb5e2f5ab</h2><h2>Command line test ac33a8b2-b656-4dc2-b8fd-98b8d4e99c6d</h2><h3 id="m3">main.IceLoginTest#loginFromHeader</h3><table class="result"></table><p class="totop"><a href="#summary">back to summary</a></p><h3 id="m4">main.IceLoginTest#loginFromPopup</h3><table class="result"></table><p class="totop"><a href="#summary">back to summary</a></p></body></html>